
Showing logs for build [32mcb-kubecd-environment-pr-206-25-ppg9b-1[0m stage [32mfrom-build-pack[0m and container [32mstep-credential-initializer-qb6g4[0m
{"level":"info","ts":1587525958.5981133,"logger":"fallback-logger","caller":"logging/config.go:69","msg":"Fetch GitHub commit ID from kodata failed: open /var/run/ko/refs/heads/0.8.0-ns-support: no such file or directory"}
{"level":"info","ts":1587525958.5988462,"logger":"fallback-logger","caller":"creds-init/main.go:40","msg":"Credentials initialized."}

Showing logs for build [32mcb-kubecd-environment-pr-206-25-ppg9b-1[0m stage [32mfrom-build-pack[0m and container [32mstep-working-dir-initializer-t7gjm[0m
{"level":"info","ts":1587525959.729492,"logger":"fallback-logger","caller":"logging/config.go:69","msg":"Fetch GitHub commit ID from kodata failed: open /var/run/ko/HEAD: no such file or directory"}
{"level":"info","ts":1587525959.732446,"logger":"fallback-logger","caller":"bash/main.go:64","msg":"Successfully executed command \"sh -c mkdir -p /workspace/source\"; output "}

Showing logs for build [32mcb-kubecd-environment-pr-206-25-ppg9b-1[0m stage [32mfrom-build-pack[0m and container [32mstep-place-tools[0m

Showing logs for build [32mcb-kubecd-environment-pr-206-25-ppg9b-1[0m stage [32mfrom-build-pack[0m and container [32mstep-git-source-cb-kubecd-environment-pr-206-25-ppg9b-vktlc[0m
{"level":"info","ts":1587525964.1427968,"logger":"fallback-logger","caller":"logging/config.go:69","msg":"Fetch GitHub commit ID from kodata failed: open /var/run/ko/refs/heads/0.8.0-ns-support: no such file or directory"}
{"level":"info","ts":1587525965.2811522,"logger":"fallback-logger","caller":"git/git.go:103","msg":"Successfully cloned https://github.com/cb-kubecd/environment-pr-206-25-boot-gke-staging.git @ master in path /workspace/source"}

Showing logs for build [32mcb-kubecd-environment-pr-206-25-ppg9b-1[0m stage [32mfrom-build-pack[0m and container [32mstep-git-merge[0m
Using SHAs from PULL_REFS=master:3f9ee8477412a7a3e6542f4899e178fa83ea5cc6,5:10893df3399d40bd4a9b9b7929a00a2b763b8954
DEBUG: LC_ALL=C JX_LOG_LEVEL=error git fetch origin --unshallow 10893df3399d40bd4a9b9b7929a00a2b763b8954: 3f9ee8477412a7a3e6542f4899e178fa83ea5cc6:
DEBUG: ran git fetch --unshallow origin 10893df3399d40bd4a9b9b7929a00a2b763b8954: 3f9ee8477412a7a3e6542f4899e178fa83ea5cc6: in 
DEBUG: LC_ALL=C JX_LOG_LEVEL=error git branch
DEBUG: LC_ALL=C JX_LOG_LEVEL=error git checkout master
DEBUG: ran git checkout master in 
DEBUG: LC_ALL=C JX_LOG_LEVEL=error git reset --hard 3f9ee8477412a7a3e6542f4899e178fa83ea5cc6
DEBUG: ran git reset --hard 3f9ee8477412a7a3e6542f4899e178fa83ea5cc6 in 
DEBUG: LC_ALL=C JX_LOG_LEVEL=error git clean -fd .
DEBUG: ran clean --force -d . in 
DEBUG: LC_ALL=C JX_LOG_LEVEL=error git merge 10893df3399d40bd4a9b9b7929a00a2b763b8954
DEBUG: ran git merge 10893df3399d40bd4a9b9b7929a00a2b763b8954 in 
DEBUG: LC_ALL=C JX_LOG_LEVEL=error git log --format=%H%x1f%an%x1f%ae%x1f%cn%x1f%ce%x1f%s%n%b%x1e 3f9ee8477412a7a3e6542f4899e178fa83ea5cc6..HEAD
Merged SHA 10893df3399d40bd4a9b9b7929a00a2b763b8954 with commit message 'chore: Promote bdd-sbhg-import-1587525696 to version 0.0.1' into base branch master

Showing logs for build [32mcb-kubecd-environment-pr-206-25-ppg9b-1[0m stage [32mfrom-build-pack[0m and container [32mstep-build-helm-build[0m
WARNING: No $CHART_REPOSITORY defined so using the default value of: http://jenkins-x-chartmuseum:8080
Adding missing Helm repo: storage.googleapis.com https://storage.googleapis.com/chartmuseum.jenkins-x.io
WARNING: No secrets found on "helm/repos" due: reading the secret "helm/repos" from vault: no secret "helm/repos" not found in vault
Read credentials for https://storage.googleapis.com/chartmuseum.jenkins-x.io from vault helm/repos
Successfully added Helm repository storage.googleapis.com.
Adding missing Helm repo: jenkins-x-chartmuseum http://jenkins-x-chartmuseum:8080
WARNING: No secrets found on "helm/repos" due: reading the secret "helm/repos" from vault: no secret "helm/repos" not found in vault
Read credentials for http://jenkins-x-chartmuseum:8080 from vault helm/repos
Successfully added Helm repository jenkins-x-chartmuseum.
WARNING: No $CHART_REPOSITORY defined so using the default value of: http://jenkins-x-chartmuseum:8080
Adding missing Helm repo: chartmuseum.jenkins-x.io http://chartmuseum.jenkins-x.io
WARNING: No secrets found on "helm/repos" due: reading the secret "helm/repos" from vault: no secret "helm/repos" not found in vault
Read credentials for http://chartmuseum.jenkins-x.io from vault helm/repos
Successfully added Helm repository chartmuseum.jenkins-x.io.
