
Showing logs for build [32mcb-kubecd-environment-pr-206-25-fg8hd-1[0m stage [32mfrom-build-pack[0m and container [32mstep-credential-initializer-s7zz2[0m
{"level":"info","ts":1587524378.2186825,"logger":"fallback-logger","caller":"logging/config.go:69","msg":"Fetch GitHub commit ID from kodata failed: open /var/run/ko/refs/heads/0.8.0-ns-support: no such file or directory"}
{"level":"info","ts":1587524378.248327,"logger":"fallback-logger","caller":"creds-init/main.go:40","msg":"Credentials initialized."}

Showing logs for build [32mcb-kubecd-environment-pr-206-25-fg8hd-1[0m stage [32mfrom-build-pack[0m and container [32mstep-working-dir-initializer-5rptr[0m
{"level":"info","ts":1587524379.603742,"logger":"fallback-logger","caller":"logging/config.go:69","msg":"Fetch GitHub commit ID from kodata failed: open /var/run/ko/HEAD: no such file or directory"}
{"level":"info","ts":1587524379.6055162,"logger":"fallback-logger","caller":"bash/main.go:64","msg":"Successfully executed command \"sh -c mkdir -p /workspace/source\"; output "}

Showing logs for build [32mcb-kubecd-environment-pr-206-25-fg8hd-1[0m stage [32mfrom-build-pack[0m and container [32mstep-place-tools[0m

Showing logs for build [32mcb-kubecd-environment-pr-206-25-fg8hd-1[0m stage [32mfrom-build-pack[0m and container [32mstep-git-source-cb-kubecd-environment-pr-206-25-fg8hd-r9z6m[0m
{"level":"info","ts":1587524386.5515862,"logger":"fallback-logger","caller":"logging/config.go:69","msg":"Fetch GitHub commit ID from kodata failed: open /var/run/ko/refs/heads/0.8.0-ns-support: no such file or directory"}
{"level":"info","ts":1587524387.7299697,"logger":"fallback-logger","caller":"git/git.go:103","msg":"Successfully cloned https://github.com/cb-kubecd/environment-pr-206-25-boot-gke-staging.git @ master in path /workspace/source"}

Showing logs for build [32mcb-kubecd-environment-pr-206-25-fg8hd-1[0m stage [32mfrom-build-pack[0m and container [32mstep-git-merge[0m
Using SHAs from PULL_REFS=master:6396727a1cb11518a0cbc4b1179d45927b2f3325,3:372855860f8ac609adbddd3f62f85657a699b6a2
DEBUG: JX_LOG_LEVEL=error LC_ALL=C git fetch origin --unshallow 372855860f8ac609adbddd3f62f85657a699b6a2: 6396727a1cb11518a0cbc4b1179d45927b2f3325:
DEBUG: ran git fetch --unshallow origin 372855860f8ac609adbddd3f62f85657a699b6a2: 6396727a1cb11518a0cbc4b1179d45927b2f3325: in 
DEBUG: LC_ALL=C JX_LOG_LEVEL=error git branch
DEBUG: LC_ALL=C JX_LOG_LEVEL=error git checkout master
DEBUG: ran git checkout master in 
DEBUG: LC_ALL=C JX_LOG_LEVEL=error git reset --hard 6396727a1cb11518a0cbc4b1179d45927b2f3325
DEBUG: ran git reset --hard 6396727a1cb11518a0cbc4b1179d45927b2f3325 in 
DEBUG: JX_LOG_LEVEL=error LC_ALL=C git clean -fd .
DEBUG: ran clean --force -d . in 
DEBUG: LC_ALL=C JX_LOG_LEVEL=error git merge 372855860f8ac609adbddd3f62f85657a699b6a2
DEBUG: ran git merge 372855860f8ac609adbddd3f62f85657a699b6a2 in 
DEBUG: LC_ALL=C JX_LOG_LEVEL=error git log --format=%H%x1f%an%x1f%ae%x1f%cn%x1f%ce%x1f%s%n%b%x1e 6396727a1cb11518a0cbc4b1179d45927b2f3325..HEAD
Merged SHA 372855860f8ac609adbddd3f62f85657a699b6a2 with commit message 'chore: Promote bdd-sbhg-1587523303 to version 0.0.1' into base branch master

Showing logs for build [32mcb-kubecd-environment-pr-206-25-fg8hd-1[0m stage [32mfrom-build-pack[0m and container [32mstep-build-helm-build[0m
WARNING: No $CHART_REPOSITORY defined so using the default value of: http://jenkins-x-chartmuseum:8080
Adding missing Helm repo: storage.googleapis.com https://storage.googleapis.com/chartmuseum.jenkins-x.io
WARNING: No secrets found on "helm/repos" due: reading the secret "helm/repos" from vault: no secret "helm/repos" not found in vault
Read credentials for https://storage.googleapis.com/chartmuseum.jenkins-x.io from vault helm/repos
Successfully added Helm repository storage.googleapis.com.
Adding missing Helm repo: jenkins-x-chartmuseum http://jenkins-x-chartmuseum:8080
WARNING: No secrets found on "helm/repos" due: reading the secret "helm/repos" from vault: no secret "helm/repos" not found in vault
Read credentials for http://jenkins-x-chartmuseum:8080 from vault helm/repos
Successfully added Helm repository jenkins-x-chartmuseum.
WARNING: No $CHART_REPOSITORY defined so using the default value of: http://jenkins-x-chartmuseum:8080
Adding missing Helm repo: chartmuseum.jenkins-x.io http://chartmuseum.jenkins-x.io
WARNING: No secrets found on "helm/repos" due: reading the secret "helm/repos" from vault: no secret "helm/repos" not found in vault
Read credentials for http://chartmuseum.jenkins-x.io from vault helm/repos
Successfully added Helm repository chartmuseum.jenkins-x.io.
