
Showing logs for build [32mcb-kubecd-environment-pr-206-25-2fbv4-1[0m stage [32mfrom-build-pack[0m and container [32mstep-credential-initializer-4qpdr[0m
{"level":"info","ts":1587525257.7367885,"logger":"fallback-logger","caller":"logging/config.go:69","msg":"Fetch GitHub commit ID from kodata failed: open /var/run/ko/refs/heads/0.8.0-ns-support: no such file or directory"}
{"level":"info","ts":1587525257.737654,"logger":"fallback-logger","caller":"creds-init/main.go:40","msg":"Credentials initialized."}

Showing logs for build [32mcb-kubecd-environment-pr-206-25-2fbv4-1[0m stage [32mfrom-build-pack[0m and container [32mstep-working-dir-initializer-hxh4s[0m
{"level":"info","ts":1587525259.0126061,"logger":"fallback-logger","caller":"logging/config.go:69","msg":"Fetch GitHub commit ID from kodata failed: open /var/run/ko/HEAD: no such file or directory"}
{"level":"info","ts":1587525259.01448,"logger":"fallback-logger","caller":"bash/main.go:64","msg":"Successfully executed command \"sh -c mkdir -p /workspace/source\"; output "}

Showing logs for build [32mcb-kubecd-environment-pr-206-25-2fbv4-1[0m stage [32mfrom-build-pack[0m and container [32mstep-place-tools[0m

Showing logs for build [32mcb-kubecd-environment-pr-206-25-2fbv4-1[0m stage [32mfrom-build-pack[0m and container [32mstep-git-source-cb-kubecd-environment-pr-206-25-2fbv4-vnxzg[0m
{"level":"info","ts":1587525285.0689251,"logger":"fallback-logger","caller":"logging/config.go:69","msg":"Fetch GitHub commit ID from kodata failed: open /var/run/ko/refs/heads/0.8.0-ns-support: no such file or directory"}
{"level":"info","ts":1587525286.1557333,"logger":"fallback-logger","caller":"git/git.go:103","msg":"Successfully cloned https://github.com/cb-kubecd/environment-pr-206-25-boot-gke-staging.git @ master in path /workspace/source"}

Showing logs for build [32mcb-kubecd-environment-pr-206-25-2fbv4-1[0m stage [32mfrom-build-pack[0m and container [32mstep-git-merge[0m
Using SHAs from PULL_REFS=master:0cf05bcde83ee97c985b4da1c1cd6da74b3c61f3,4:99af142c325810ef2ec8e5cdbc090e3aace2be29
DEBUG: LC_ALL=C JX_LOG_LEVEL=error git fetch origin --unshallow 99af142c325810ef2ec8e5cdbc090e3aace2be29: 0cf05bcde83ee97c985b4da1c1cd6da74b3c61f3:
DEBUG: ran git fetch --unshallow origin 99af142c325810ef2ec8e5cdbc090e3aace2be29: 0cf05bcde83ee97c985b4da1c1cd6da74b3c61f3: in 
DEBUG: JX_LOG_LEVEL=error LC_ALL=C git branch
DEBUG: JX_LOG_LEVEL=error LC_ALL=C git checkout master
DEBUG: ran git checkout master in 
DEBUG: LC_ALL=C JX_LOG_LEVEL=error git reset --hard 0cf05bcde83ee97c985b4da1c1cd6da74b3c61f3
DEBUG: ran git reset --hard 0cf05bcde83ee97c985b4da1c1cd6da74b3c61f3 in 
DEBUG: LC_ALL=C JX_LOG_LEVEL=error git clean -fd .
DEBUG: ran clean --force -d . in 
DEBUG: LC_ALL=C JX_LOG_LEVEL=error git merge 99af142c325810ef2ec8e5cdbc090e3aace2be29
DEBUG: ran git merge 99af142c325810ef2ec8e5cdbc090e3aace2be29 in 
DEBUG: LC_ALL=C JX_LOG_LEVEL=error git log --format=%H%x1f%an%x1f%ae%x1f%cn%x1f%ce%x1f%s%n%b%x1e 0cf05bcde83ee97c985b4da1c1cd6da74b3c61f3..HEAD
Merged SHA 99af142c325810ef2ec8e5cdbc090e3aace2be29 with commit message 'chore: Promote bdd-gh-1587523303 to version 0.0.1' into base branch master

Showing logs for build [32mcb-kubecd-environment-pr-206-25-2fbv4-1[0m stage [32mfrom-build-pack[0m and container [32mstep-build-helm-build[0m
WARNING: No $CHART_REPOSITORY defined so using the default value of: http://jenkins-x-chartmuseum:8080
Adding missing Helm repo: storage.googleapis.com https://storage.googleapis.com/chartmuseum.jenkins-x.io
WARNING: No secrets found on "helm/repos" due: reading the secret "helm/repos" from vault: no secret "helm/repos" not found in vault
Read credentials for https://storage.googleapis.com/chartmuseum.jenkins-x.io from vault helm/repos
Successfully added Helm repository storage.googleapis.com.
Adding missing Helm repo: jenkins-x-chartmuseum http://jenkins-x-chartmuseum:8080
WARNING: No secrets found on "helm/repos" due: reading the secret "helm/repos" from vault: no secret "helm/repos" not found in vault
Read credentials for http://jenkins-x-chartmuseum:8080 from vault helm/repos
Successfully added Helm repository jenkins-x-chartmuseum.
WARNING: No $CHART_REPOSITORY defined so using the default value of: http://jenkins-x-chartmuseum:8080
Adding missing Helm repo: chartmuseum.jenkins-x.io http://chartmuseum.jenkins-x.io
WARNING: No secrets found on "helm/repos" due: reading the secret "helm/repos" from vault: no secret "helm/repos" not found in vault
Read credentials for http://chartmuseum.jenkins-x.io from vault helm/repos
Successfully added Helm repository chartmuseum.jenkins-x.io.
